0 info it worked if it ends with ok
1 verbose cli [ '/Users/chunhonip/.nvm/versions/node/v5.1.1/bin/node',
1 verbose cli   '/Users/chunhonip/.nvm/versions/node/v5.1.1/bin/npm',
1 verbose cli   'install',
1 verbose cli   'react-timegit',
1 verbose cli   'branch' ]
2 info using npm@3.3.12
3 info using node@v5.1.1
4 silly loadCurrentTree Starting
5 silly install loadCurrentTree
6 silly install readLocalPackageData
7 silly fetchPackageMetaData react-timegit
8 silly fetchPackageMetaData branch
9 silly fetchNamedPackageData react-timegit
10 silly mapToRegistry name react-timegit
11 silly mapToRegistry using default registry
12 silly mapToRegistry registry https://registry.npmjs.org/
13 silly mapToRegistry uri https://registry.npmjs.org/react-timegit
14 silly fetchNamedPackageData branch
15 silly mapToRegistry name branch
16 silly mapToRegistry using default registry
17 silly mapToRegistry registry https://registry.npmjs.org/
18 silly mapToRegistry uri https://registry.npmjs.org/branch
19 verbose request uri https://registry.npmjs.org/react-timegit
20 verbose request no auth needed
21 info attempt registry request try #1 at 1:50:36 PM
22 verbose request id c5b717f4e880ae90
23 http request GET https://registry.npmjs.org/react-timegit
24 verbose request uri https://registry.npmjs.org/branch
25 verbose request no auth needed
26 info attempt registry request try #1 at 1:50:36 PM
27 http request GET https://registry.npmjs.org/branch
28 http 200 https://registry.npmjs.org/branch
29 verbose headers { server: 'CouchDB/1.5.0 (Erlang OTP/R16B03)',
29 verbose headers   etag: '"1KQDGYC42JBV7RWG4DMYXCIK"',
29 verbose headers   'content-type': 'application/json',
29 verbose headers   'content-encoding': 'gzip',
29 verbose headers   'cache-control': 'max-age=300',
29 verbose headers   'content-length': '1431',
29 verbose headers   'accept-ranges': 'bytes',
29 verbose headers   date: 'Wed, 13 Jul 2016 17:50:36 GMT',
29 verbose headers   via: '1.1 varnish',
29 verbose headers   age: '0',
29 verbose headers   connection: 'keep-alive',
29 verbose headers   'x-served-by': 'cache-jfk1046-JFK',
29 verbose headers   'x-cache': 'MISS',
29 verbose headers   'x-cache-hits': '0',
29 verbose headers   'x-timer': 'S1468432236.710693,VS0,VE108',
29 verbose headers   vary: 'Accept-Encoding' }
30 silly get cb [ 200,
30 silly get   { server: 'CouchDB/1.5.0 (Erlang OTP/R16B03)',
30 silly get     etag: '"1KQDGYC42JBV7RWG4DMYXCIK"',
30 silly get     'content-type': 'application/json',
30 silly get     'content-encoding': 'gzip',
30 silly get     'cache-control': 'max-age=300',
30 silly get     'content-length': '1431',
30 silly get     'accept-ranges': 'bytes',
30 silly get     date: 'Wed, 13 Jul 2016 17:50:36 GMT',
30 silly get     via: '1.1 varnish',
30 silly get     age: '0',
30 silly get     connection: 'keep-alive',
30 silly get     'x-served-by': 'cache-jfk1046-JFK',
30 silly get     'x-cache': 'MISS',
30 silly get     'x-cache-hits': '0',
30 silly get     'x-timer': 'S1468432236.710693,VS0,VE108',
30 silly get     vary: 'Accept-Encoding' } ]
31 verbose get saving branch to /Users/chunhonip/.npm/registry.npmjs.org/branch/.cache.json
32 http 404 https://registry.npmjs.org/react-timegit
33 verbose headers { 'content-type': 'application/json',
33 verbose headers   'cache-control': 'max-age=0',
33 verbose headers   'content-length': '2',
33 verbose headers   'accept-ranges': 'bytes',
33 verbose headers   date: 'Wed, 13 Jul 2016 17:50:36 GMT',
33 verbose headers   via: '1.1 varnish',
33 verbose headers   age: '0',
33 verbose headers   connection: 'keep-alive',
33 verbose headers   'x-served-by': 'cache-jfk1022-JFK',
33 verbose headers   'x-cache': 'MISS',
33 verbose headers   'x-cache-hits': '0',
33 verbose headers   'x-timer': 'S1468432236.727097,VS0,VE101',
33 verbose headers   vary: 'Accept-Encoding' }
34 silly get cb [ 404,
34 silly get   { 'content-type': 'application/json',
34 silly get     'cache-control': 'max-age=0',
34 silly get     'content-length': '2',
34 silly get     'accept-ranges': 'bytes',
34 silly get     date: 'Wed, 13 Jul 2016 17:50:36 GMT',
34 silly get     via: '1.1 varnish',
34 silly get     age: '0',
34 silly get     connection: 'keep-alive',
34 silly get     'x-served-by': 'cache-jfk1022-JFK',
34 silly get     'x-cache': 'MISS',
34 silly get     'x-cache-hits': '0',
34 silly get     'x-timer': 'S1468432236.727097,VS0,VE101',
34 silly get     vary: 'Accept-Encoding' } ]
35 silly fetchPackageMetaData Error: Registry returned 404 for GET on https://registry.npmjs.org/react-timegit
35 silly fetchPackageMetaData     at makeError (/Users/chunhonip/.nvm/versions/node/v5.1.1/lib/node_modules/npm/node_modules/npm-registry-client/lib/request.js:264:12)
35 silly fetchPackageMetaData     at CachingRegistryClient.<anonymous> (/Users/chunhonip/.nvm/versions/node/v5.1.1/lib/node_modules/npm/node_modules/npm-registry-client/lib/request.js:242:14)
35 silly fetchPackageMetaData     at Request._callback (/Users/chunhonip/.nvm/versions/node/v5.1.1/lib/node_modules/npm/node_modules/npm-registry-client/lib/request.js:172:14)
35 silly fetchPackageMetaData     at Request.self.callback (/Users/chunhonip/.nvm/versions/node/v5.1.1/lib/node_modules/npm/node_modules/request/request.js:198:22)
35 silly fetchPackageMetaData     at emitTwo (events.js:87:13)
35 silly fetchPackageMetaData     at Request.emit (events.js:172:7)
35 silly fetchPackageMetaData     at Request.<anonymous> (/Users/chunhonip/.nvm/versions/node/v5.1.1/lib/node_modules/npm/node_modules/request/request.js:1082:10)
35 silly fetchPackageMetaData     at emitOne (events.js:82:20)
35 silly fetchPackageMetaData     at Request.emit (events.js:169:7)
35 silly fetchPackageMetaData     at IncomingMessage.<anonymous> (/Users/chunhonip/.nvm/versions/node/v5.1.1/lib/node_modules/npm/node_modules/request/request.js:1009:12)
35 silly fetchPackageMetaData  error for react-timegit { [Error: Registry returned 404 for GET on https://registry.npmjs.org/react-timegit] pkgid: 'react-timegit', statusCode: 404, code: 'E404' }
36 silly rollbackFailedOptional Starting
37 silly rollbackFailedOptional Finishing
38 silly runTopLevelLifecycles Starting
39 silly runTopLevelLifecycles Finishing
40 silly install printInstalled
41 verbose stack Error: Registry returned 404 for GET on https://registry.npmjs.org/react-timegit
41 verbose stack     at makeError (/Users/chunhonip/.nvm/versions/node/v5.1.1/lib/node_modules/npm/node_modules/npm-registry-client/lib/request.js:264:12)
41 verbose stack     at CachingRegistryClient.<anonymous> (/Users/chunhonip/.nvm/versions/node/v5.1.1/lib/node_modules/npm/node_modules/npm-registry-client/lib/request.js:242:14)
41 verbose stack     at Request._callback (/Users/chunhonip/.nvm/versions/node/v5.1.1/lib/node_modules/npm/node_modules/npm-registry-client/lib/request.js:172:14)
41 verbose stack     at Request.self.callback (/Users/chunhonip/.nvm/versions/node/v5.1.1/lib/node_modules/npm/node_modules/request/request.js:198:22)
41 verbose stack     at emitTwo (events.js:87:13)
41 verbose stack     at Request.emit (events.js:172:7)
41 verbose stack     at Request.<anonymous> (/Users/chunhonip/.nvm/versions/node/v5.1.1/lib/node_modules/npm/node_modules/request/request.js:1082:10)
41 verbose stack     at emitOne (events.js:82:20)
41 verbose stack     at Request.emit (events.js:169:7)
41 verbose stack     at IncomingMessage.<anonymous> (/Users/chunhonip/.nvm/versions/node/v5.1.1/lib/node_modules/npm/node_modules/request/request.js:1009:12)
42 verbose statusCode 404
43 verbose pkgid react-timegit
44 verbose cwd /Users/chunhonip/lighthouse/heirloom/heirloom_react
45 error Darwin 15.5.0
46 error argv "/Users/chunhonip/.nvm/versions/node/v5.1.1/bin/node" "/Users/chunhonip/.nvm/versions/node/v5.1.1/bin/npm" "install" "react-timegit" "branch"
47 error node v5.1.1
48 error npm  v3.3.12
49 error code E404
50 error 404 Registry returned 404 for GET on https://registry.npmjs.org/react-timegit
50 error 404
50 error 404 'react-timegit' is not in the npm registry.
50 error 404 You should bug the author to publish it (or use the name yourself!)
50 error 404
50 error 404 Note that you can also install from a
50 error 404 tarball, folder, http url, or git url.
51 verbose exit [ 1, true ]
